Легенда:
[+]  Добавлено
[-]  Убрано/Исправлено
[!]  Важное замечание
[rf] Изменено
---------1.0.13 [9-12-2016]--------
[!]  Повысил минимальную версию Android до 4.4
[rf] Изменен цвет приложения
[rf] Отладка тем
[rf] Миграция build-tools API 24 -> API 25
[rf] Обновление всех библиотек до последней версии
[+]  Экран настроек (тест)
[-]  Ошибки
---------1.0.12 [8-12-2016]--------
[rf] Цветной текст в тостах (костыль)
[rf] Snackbar'ы
[-]  Падения на Android 5.0.2
[-]  Черный текст в тулбаре (костыль)
[-]  Номер версии берется из build.gradle
---------1.0.10 [8-12-2016]--------
[-] Фиксы
[+] Новый Nav Drawer
---------1.0.9 [7-12-2016]---------
[rf] Миграция ActionBar -> Toolbar
[rf] Обновление всех библиотек до последней версии
[+]  Navigation Drawer (боковое меню)
[+]  Drawer Toggle
[+]  Chagelog Dialog
---------1.0.8 [6-12-2016]---------
[!]  Миграция AIDE -> Android Studio
[!]  Всвязи с первым пунктом - приложение полностью переписано
[rf] Изменен дизайн приложения
[+]  Material Dialogs
[-]  Падение при клике на картинку на API <19
---------1.0.3 [4-12-2016]---------
[+]  Переход по ссылкам на 4пда
[+]  При выходе приложение выгружается из памяти
---------1.0.2 [3-12-2016]---------
[rf] Заглушка для кнопки DA
[+]  Тосты на неактивных кнопках
---------1.0.1 [2-12-2016]---------
[-]  Вылет на API <19
---------1.0.0 [1-12-2016]---------
[!]  Первый билд
Скомпилировано в Android Studio for Windows v. 2.2.2
